[  1720.664] (WW) Failed to open protocol names file lib/xorg/protocol.txt
[  1720.665] 
X.Org X Server 1.20.8
X Protocol Version 11, Revision 0
[  1720.665] Build Operating System: Linux Arch Linux
[  1720.665] Current Operating System: Linux arch 5.7.11-arch1-1 #1 SMP PREEMPT Wed, 29 Jul 2020 21:38:21 +0000 x86_64
[  1720.665] Kernel command line: initrd=\initramfs-linux.img root=/dev/sda3 rw
[  1720.665] Build Date: 31 July 2020  04:00:57PM
[  1720.665]  
[  1720.665] Current version of pixman: 0.40.0
[  1720.665] 	Before reporting problems, check http://wiki.x.org
	to make sure that you have the latest version.
[  1720.665] Markers: (--) probed, (**) from config file, (==) default setting,
	(++) from command line, (!!) notice, (II) informational,
	(WW) warning, (EE) error, (NI) not implemented, (??) unknown.
[  1720.666] (==) Log file: "/home/winterbreeze/.local/share/xorg/Xorg.1.log", Time: Mon Aug  3 12:05:49 2020
[  1720.666] (==) Using system config directory "/usr/share/X11/xorg.conf.d"
[  1720.666] (==) No Layout section.  Using the first Screen section.
[  1720.666] (==) No screen section available. Using defaults.
[  1720.666] (**) |-->Screen "Default Screen Section" (0)
[  1720.666] (**) |   |-->Monitor "<default monitor>"
[  1720.666] (==) No monitor specified for screen "Default Screen Section".
	Using a default monitor configuration.
[  1720.666] (==) Automatically adding devices
[  1720.666] (==) Automatically enabling devices
[  1720.666] (==) Automatically adding GPU devices
[  1720.666] (==) Automatically binding GPU devices
[  1720.666] (==) Max clients allowed: 256, resource mask: 0x1fffff
[  1720.667] (WW) The directory "/usr/share/fonts/misc" does not exist.
[  1720.667] 	Entry deleted from font path.
[  1720.667] (WW) The directory "/usr/share/fonts/OTF" does not exist.
[  1720.667] 	Entry deleted from font path.
[  1720.667] (WW) The directory "/usr/share/fonts/Type1" does not exist.
[  1720.667] 	Entry deleted from font path.
[  1720.667] (==) FontPath set to:
	/usr/share/fonts/TTF,
	/usr/share/fonts/100dpi,
	/usr/share/fonts/75dpi
[  1720.667] (==) ModulePath set to "/usr/lib/xorg/modules"
[  1720.667] (II) The server relies on udev to provide the list of input devices.
	If no devices become available, reconfigure udev or disable AutoAddDevices.
[  1720.667] (II) Module ABI versions:
[  1720.667] 	X.Org ANSI C Emulation: 0.4
[  1720.667] 	X.Org Video Driver: 24.1
[  1720.667] 	X.Org XInput driver : 24.1
[  1720.667] 	X.Org Server Extension : 10.0
[  1720.667] (++) using VT number 3

[  1720.669] (II) systemd-logind: took control of session /org/freedesktop/login1/session/_33
[  1720.670] (II) xfree86: Adding drm device (/dev/dri/card0)
[  1720.670] (II) systemd-logind: got fd for /dev/dri/card0 226:0 fd 10 paused 0
[  1720.673] (--) PCI:*(0@0:2:0) 8086:162b:106b:013f rev 9, Mem @ 0xc0000000/16777216, 0xb0000000/268435456, I/O @ 0x00003000/64, BIOS @ 0x????????/131072
[  1720.673] (WW) Open ACPI failed (/var/run/acpid.socket) (No such file or directory)
[  1720.673] (II) LoadModule: "glx"
[  1720.673] (II) Loading /usr/lib/xorg/modules/extensions/libglx.so
[  1720.674] (II) Module glx: vendor="X.Org Foundation"
[  1720.674] 	compiled for 1.20.8, module version = 1.0.0
[  1720.674] 	ABI class: X.Org Server Extension, version 10.0
[  1720.675] (==) Matched intel as autoconfigured driver 0
[  1720.675] (==) Matched modesetting as autoconfigured driver 1
[  1720.675] (==) Matched fbdev as autoconfigured driver 2
[  1720.675] (==) Matched vesa as autoconfigured driver 3
[  1720.675] (==) Assigned the driver to the xf86ConfigLayout
[  1720.675] (II) LoadModule: "intel"
[  1720.675] (II) Loading /usr/lib/xorg/modules/drivers/intel_drv.so
[  1720.675] (II) Module intel: vendor="X.Org Foundation"
[  1720.675] 	compiled for 1.20.8, module version = 2.99.917
[  1720.675] 	Module class: X.Org Video Driver
[  1720.675] 	ABI class: X.Org Video Driver, version 24.1
[  1720.675] (II) LoadModule: "modesetting"
[  1720.675] (II) Loading /usr/lib/xorg/modules/drivers/modesetting_drv.so
[  1720.675] (II) Module modesetting: vendor="X.Org Foundation"
[  1720.675] 	compiled for 1.20.8, module version = 1.20.8
[  1720.675] 	Module class: X.Org Video Driver
[  1720.675] 	ABI class: X.Org Video Driver, version 24.1
[  1720.675] (II) LoadModule: "fbdev"
[  1720.675] (WW) Warning, couldn't open module fbdev
[  1720.676] (EE) Failed to load module "fbdev" (module does not exist, 0)
[  1720.676] (II) LoadModule: "vesa"
[  1720.676] (II) Loading /usr/lib/xorg/modules/drivers/vesa_drv.so
[  1720.676] (II) Module vesa: vendor="X.Org Foundation"
[  1720.676] 	compiled for 1.20.8, module version = 2.4.0
[  1720.676] 	Module class: X.Org Video Driver
[  1720.676] 	ABI class: X.Org Video Driver, version 24.1
[  1720.676] (II) intel: Driver for Intel(R) Integrated Graphics Chipsets:
	i810, i810-dc100, i810e, i815, i830M, 845G, 854, 852GM/855GM, 865G,
	915G, E7221 (i915), 915GM, 945G, 945GM, 945GME, Pineview GM,
	Pineview G, 965G, G35, 965Q, 946GZ, 965GM, 965GME/GLE, G33, Q35, Q33,
	GM45, 4 Series, G45/G43, Q45/Q43, G41, B43
[  1720.676] (II) intel: Driver for Intel(R) HD Graphics
[  1720.676] (II) intel: Driver for Intel(R) Iris(TM) Graphics
[  1720.676] (II) intel: Driver for Intel(R) Iris(TM) Pro Graphics
[  1720.676] (II) modesetting: Driver for Modesetting Kernel Drivers: kms
[  1720.676] (II) VESA: driver for VESA chipsets: vesa
[  1720.676] xf86EnableIOPorts: failed to set IOPL for I/O (Operation not permitted)
[  1720.676] (II) intel(0): Using Kernel Mode Setting driver: i915, version 1.6.0 20200313
[  1720.676] (II) intel(0): SNA compiled from 2.99.917-908-g7181c5a4
[  1720.690] (WW) Falling back to old probe method for modesetting
[  1720.690] (WW) VGA arbiter: cannot open kernel arbiter, no multi-card support
[  1720.690] (--) intel(0): Integrated Graphics Chipset: Intel(R) Iris Graphics 6100
[  1720.690] (--) intel(0): CPU: x86-64, sse2, sse3, ssse3, sse4.1, sse4.2, avx, avx2; using a maximum of 2 threads
[  1720.690] (II) intel(0): Creating default Display subsection in Screen section
	"Default Screen Section" for depth/fbbpp 24/32
[  1720.691] (==) intel(0): Depth 24, (--) framebuffer bpp 32
[  1720.691] (==) intel(0): RGB weight 888
[  1720.691] (==) intel(0): Default visual is TrueColor
[  1720.691] (II) intel(0): Output eDP1 has no monitor section
[  1720.692] (**) intel(0): Found backlight control interface intel_backlight (type 'raw') for output eDP1
[  1720.692] (II) intel(0): Enabled output eDP1
[  1720.692] (II) intel(0): Output DP1 has no monitor section
[  1720.692] (II) intel(0): Enabled output DP1
[  1720.692] (II) intel(0): Output HDMI1 has no monitor section
[  1720.693] (II) intel(0): Enabled output HDMI1
[  1720.693] (II) intel(0): Output DP2 has no monitor section
[  1720.693] (II) intel(0): Enabled output DP2
[  1720.693] (II) intel(0): Output HDMI2 has no monitor section
[  1720.693] (II) intel(0): Enabled output HDMI2
[  1720.693] (--) intel(0): Using a maximum size of 256x256 for hardware cursors
[  1720.693] (II) intel(0): Output VIRTUAL1 has no monitor section
[  1720.693] (II) intel(0): Enabled output VIRTUAL1
[  1720.693] (--) intel(0): Output eDP1 using initial mode 2560x1600 on pipe 0
[  1720.693] (==) intel(0): TearFree disabled
[  1720.694] (==) intel(0): Using gamma correction (1.0, 1.0, 1.0)
[  1720.694] (==) intel(0): DPI set to (96, 96)
[  1720.694] (II) Loading sub module "dri3"
[  1720.694] (II) LoadModule: "dri3"
[  1720.694] (II) Module "dri3" already built-in
[  1720.694] (II) Loading sub module "dri2"
[  1720.694] (II) LoadModule: "dri2"
[  1720.694] (II) Module "dri2" already built-in
[  1720.694] (II) Loading sub module "present"
[  1720.694] (II) LoadModule: "present"
[  1720.694] (II) Module "present" already built-in
[  1720.694] (II) UnloadModule: "modesetting"
[  1720.694] (II) Unloading modesetting
[  1720.694] (II) UnloadModule: "vesa"
[  1720.694] (II) Unloading vesa
[  1720.694] (II) intel(0): SNA initialized with Broadwell (gen8) backend
[  1720.694] (==) intel(0): Backing store enabled
[  1720.694] (==) intel(0): Silken mouse disabled
[  1720.694] (II) intel(0): HW Cursor enabled
[  1720.695] (==) intel(0): DPMS enabled
[  1720.695] (==) intel(0): Display hotplug detection enabled
[  1720.695] (II) intel(0): [DRI2] Setup complete
[  1720.695] (II) intel(0): [DRI2]   DRI driver: i965
[  1720.695] (II) intel(0): [DRI2]   VDPAU driver: va_gl
[  1720.695] (II) intel(0): direct rendering: DRI2 DRI3 enabled
[  1720.695] (II) intel(0): hardware support for Present enabled
[  1720.695] (II) Initializing extension Generic Event Extension
[  1720.695] (II) Initializing extension SHAPE
[  1720.695] (II) Initializing extension MIT-SHM
[  1720.695] (II) Initializing extension XInputExtension
[  1720.695] (II) Initializing extension XTEST
[  1720.695] (II) Initializing extension BIG-REQUESTS
[  1720.695] (II) Initializing extension SYNC
[  1720.695] (II) Initializing extension XKEYBOARD
[  1720.695] (II) Initializing extension XC-MISC
[  1720.695] (II) Initializing extension SECURITY
[  1720.695] (II) Initializing extension XFIXES
[  1720.695] (II) Initializing extension RENDER
[  1720.695] (II) Initializing extension RANDR
[  1720.695] (II) Initializing extension COMPOSITE
[  1720.695] (II) Initializing extension DAMAGE
[  1720.695] (II) Initializing extension MIT-SCREEN-SAVER
[  1720.695] (II) Initializing extension DOUBLE-BUFFER
[  1720.695] (II) Initializing extension RECORD
[  1720.695] (II) Initializing extension DPMS
[  1720.695] (II) Initializing extension Present
[  1720.695] (II) Initializing extension DRI3
[  1720.695] (II) Initializing extension X-Resource
[  1720.695] (II) Initializing extension XVideo
[  1720.695] (II) Initializing extension XVideo-MotionCompensation
[  1720.695] (II) Initializing extension GLX
[  1720.707] (II) AIGLX: Loaded and initialized i965
[  1720.707] (II) GLX: Initialized DRI2 GL provider for screen 0
[  1720.707] (II) Initializing extension XFree86-VidModeExtension
[  1720.707] (II) Initializing extension XFree86-DGA
[  1720.707] (II) Initializing extension XFree86-DRI
[  1720.707] (II) Initializing extension DRI2
[  1720.717] (II) intel(0): switch to mode 2560x1600@60.0 on eDP1 using pipe 0, position (0, 0), rotation normal, reflection none
[  1720.724] (II) intel(0): Setting screen physical size to 677 x 423
[  1720.780] (II) config/udev: Adding input device Power Button (/dev/input/event3)
[  1720.780] (**) Power Button: Applying InputClass "libinput keyboard catchall"
[  1720.780] (II) LoadModule: "libinput"
[  1720.781] (II) Loading /usr/lib/xorg/modules/input/libinput_drv.so
[  1720.782] (II) Module libinput: vendor="X.Org Foundation"
[  1720.782] 	compiled for 1.20.8, module version = 0.30.0
[  1720.782] 	Module class: X.Org XInput Driver
[  1720.782] 	ABI class: X.Org XInput driver, version 24.1
[  1720.782] (II) Using input driver 'libinput' for 'Power Button'
[  1720.783] (II) systemd-logind: got fd for /dev/input/event3 13:67 fd 16 paused 0
[  1720.783] (**) Power Button: always reports core events
[  1720.783] (**) Option "Device" "/dev/input/event3"
[  1720.783] (**) Option "_source" "server/udev"
[  1720.784] (II) event3  - Power Button: is tagged by udev as: Keyboard
[  1720.784] (II) event3  - Power Button: device is a keyboard
[  1720.784] (II) event3  - Power Button: device removed
[  1720.785] (**) Option "config_info" "udev:/sys/devices/LNXSYSTM:00/LNXPWRBN:00/input/input3/event3"
[  1720.785] (II) XINPUT: Adding extended input device "Power Button" (type: KEYBOARD, id 6)
[  1720.785] (II) event3  - Power Button: is tagged by udev as: Keyboard
[  1720.785] (II) event3  - Power Button: device is a keyboard
[  1720.786] (II) config/udev: Adding input device Video Bus (/dev/input/event14)
[  1720.786] (**) Video Bus: Applying InputClass "libinput keyboard catchall"
[  1720.786] (II) Using input driver 'libinput' for 'Video Bus'
[  1720.786] (II) systemd-logind: got fd for /dev/input/event14 13:78 fd 19 paused 0
[  1720.786] (**) Video Bus: always reports core events
[  1720.786] (**) Option "Device" "/dev/input/event14"
[  1720.786] (**) Option "_source" "server/udev"
[  1720.787] (II) event14 - Video Bus: is tagged by udev as: Keyboard
[  1720.787] (II) event14 - Video Bus: device is a keyboard
[  1720.787] (II) event14 - Video Bus: device removed
[  1720.787] (**) Option "config_info" "udev:/sys/devices/LNXSYSTM:00/LNXSYBUS:00/PNP0A08:00/LNXVIDEO:00/input/input14/event14"
[  1720.787] (II) XINPUT: Adding extended input device "Video Bus" (type: KEYBOARD, id 7)
[  1720.788] (II) event14 - Video Bus: is tagged by udev as: Keyboard
[  1720.788] (II) event14 - Video Bus: device is a keyboard
[  1720.788] (II) config/udev: Adding input device Power Button (/dev/input/event1)
[  1720.788] (**) Power Button: Applying InputClass "libinput keyboard catchall"
[  1720.788] (II) Using input driver 'libinput' for 'Power Button'
[  1720.789] (II) systemd-logind: got fd for /dev/input/event1 13:65 fd 20 paused 0
[  1720.789] (**) Power Button: always reports core events
[  1720.789] (**) Option "Device" "/dev/input/event1"
[  1720.789] (**) Option "_source" "server/udev"
[  1720.790] (II) event1  - Power Button: is tagged by udev as: Keyboard
[  1720.790] (II) event1  - Power Button: device is a keyboard
[  1720.790] (II) event1  - Power Button: device removed
[  1720.790] (**) Option "config_info" "udev:/sys/devices/LNXSYSTM:00/LNXSYBUS:00/PNP0C0C:00/input/input1/event1"
[  1720.790] (II) XINPUT: Adding extended input device "Power Button" (type: KEYBOARD, id 8)
[  1720.790] (II) event1  - Power Button: is tagged by udev as: Keyboard
[  1720.790] (II) event1  - Power Button: device is a keyboard
[  1720.791] (II) config/udev: Adding input device Lid Switch (/dev/input/event0)
[  1720.791] (II) No input driver specified, ignoring this device.
[  1720.791] (II) This device may have been added with another device file.
[  1720.791] (II) config/udev: Adding input device Sleep Button (/dev/input/event2)
[  1720.791] (**) Sleep Button: Applying InputClass "libinput keyboard catchall"
[  1720.791] (II) Using input driver 'libinput' for 'Sleep Button'
[  1720.792] (II) systemd-logind: got fd for /dev/input/event2 13:66 fd 21 paused 0
[  1720.792] (**) Sleep Button: always reports core events
[  1720.792] (**) Option "Device" "/dev/input/event2"
[  1720.792] (**) Option "_source" "server/udev"
[  1720.792] (II) event2  - Sleep Button: is tagged by udev as: Keyboard
[  1720.792] (II) event2  - Sleep Button: device is a keyboard
[  1720.793] (II) event2  - Sleep Button: device removed
[  1720.793] (**) Option "config_info" "udev:/sys/devices/LNXSYSTM:00/LNXSYBUS:00/PNP0C0E:00/input/input2/event2"
[  1720.793] (II) XINPUT: Adding extended input device "Sleep Button" (type: KEYBOARD, id 9)
[  1720.793] (II) event2  - Sleep Button: is tagged by udev as: Keyboard
[  1720.793] (II) event2  - Sleep Button: device is a keyboard
[  1720.794] (II) config/udev: Adding input device HDA Intel HDMI HDMI/DP,pcm=3 (/dev/input/event15)
[  1720.794] (II) No input driver specified, ignoring this device.
[  1720.794] (II) This device may have been added with another device file.
[  1720.794] (II) config/udev: Adding input device HDA Intel HDMI HDMI/DP,pcm=7 (/dev/input/event16)
[  1720.794] (II) No input driver specified, ignoring this device.
[  1720.794] (II) This device may have been added with another device file.
[  1720.794] (II) config/udev: Adding input device HDA Intel HDMI HDMI/DP,pcm=8 (/dev/input/event17)
[  1720.794] (II) No input driver specified, ignoring this device.
[  1720.794] (II) This device may have been added with another device file.
[  1720.795] (II) config/udev: Adding input device HDA Intel HDMI HDMI/DP,pcm=9 (/dev/input/event18)
[  1720.795] (II) No input driver specified, ignoring this device.
[  1720.795] (II) This device may have been added with another device file.
[  1720.795] (II) config/udev: Adding input device HDA Intel HDMI HDMI/DP,pcm=10 (/dev/input/event19)
[  1720.795] (II) No input driver specified, ignoring this device.
[  1720.795] (II) This device may have been added with another device file.
[  1720.795] (II) config/udev: Adding input device 2.4G Mouse (/dev/input/event5)
[  1720.796] (II) No input driver specified, ignoring this device.
[  1720.796] (II) This device may have been added with another device file.
[  1720.796] (II) config/udev: Adding input device 2.4G Mouse (/dev/input/event6)
[  1720.796] (**) 2.4G Mouse: Applying InputClass "libinput pointer catchall"
[  1720.796] (II) Using input driver 'libinput' for '2.4G Mouse'
[  1720.797] (II) systemd-logind: got fd for /dev/input/event6 13:70 fd 22 paused 0
[  1720.797] (**) 2.4G Mouse: always reports core events
[  1720.797] (**) Option "Device" "/dev/input/event6"
[  1720.797] (**) Option "_source" "server/udev"
[  1720.798] (II) event6  - 2.4G Mouse: is tagged by udev as: Mouse
[  1720.799] (II) event6  - 2.4G Mouse: device is a pointer
[  1720.799] (II) event6  - 2.4G Mouse: device removed
[  1720.799] (**) Option "config_info" "udev:/sys/devices/pci0000:00/0000:00:14.0/usb1/1-2/1-2:1.0/0003:1EA7:0064.0001/input/input6/event6"
[  1720.799] (II) XINPUT: Adding extended input device "2.4G Mouse" (type: MOUSE, id 10)
[  1720.799] (**) Option "AccelerationScheme" "none"
[  1720.799] (**) 2.4G Mouse: (accel) selected scheme none/0
[  1720.799] (**) 2.4G Mouse: (accel) acceleration factor: 2.000
[  1720.799] (**) 2.4G Mouse: (accel) acceleration threshold: 4
[  1720.800] (II) event6  - 2.4G Mouse: is tagged by udev as: Mouse
[  1720.800] (II) event6  - 2.4G Mouse: device is a pointer
[  1720.801] (II) config/udev: Adding input device 2.4G Mouse (/dev/input/mouse0)
[  1720.801] (II) No input driver specified, ignoring this device.
[  1720.801] (II) This device may have been added with another device file.
[  1720.802] (II) config/udev: Adding input device Broadcom Corp. Bluetooth USB Host Controller (/dev/input/event7)
[  1720.802] (**) Broadcom Corp. Bluetooth USB Host Controller: Applying InputClass "libinput keyboard catchall"
[  1720.802] (II) Using input driver 'libinput' for 'Broadcom Corp. Bluetooth USB Host Controller'
[  1720.802] (II) systemd-logind: got fd for /dev/input/event7 13:71 fd 23 paused 0
[  1720.802] (**) Broadcom Corp. Bluetooth USB Host Controller: always reports core events
[  1720.802] (**) Option "Device" "/dev/input/event7"
[  1720.802] (**) Option "_source" "server/udev"
[  1720.803] (II) event7  - Broadcom Corp. Bluetooth USB Host Controller: is tagged by udev as: Keyboard
[  1720.803] (II) event7  - Broadcom Corp. Bluetooth USB Host Controller: device is a keyboard
[  1720.804] (II) event7  - Broadcom Corp. Bluetooth USB Host Controller: device removed
[  1720.804] (**) Option "config_info" "udev:/sys/devices/pci0000:00/0000:00:14.0/usb1/1-3/1-3:1.0/0003:05AC:8290.0002/input/input7/event7"
[  1720.804] (II) XINPUT: Adding extended input device "Broadcom Corp. Bluetooth USB Host Controller" (type: KEYBOARD, id 11)
[  1720.805] (II) event7  - Broadcom Corp. Bluetooth USB Host Controller: is tagged by udev as: Keyboard
[  1720.805] (II) event7  - Broadcom Corp. Bluetooth USB Host Controller: device is a keyboard
[  1720.805] (II) config/udev: Adding input device Broadcom Corp. Bluetooth USB Host Controller (/dev/input/event8)
[  1720.805] (**) Broadcom Corp. Bluetooth USB Host Controller: Applying InputClass "libinput pointer catchall"
[  1720.805] (II) Using input driver 'libinput' for 'Broadcom Corp. Bluetooth USB Host Controller'
[  1720.806] (II) systemd-logind: got fd for /dev/input/event8 13:72 fd 24 paused 0
[  1720.806] (**) Broadcom Corp. Bluetooth USB Host Controller: always reports core events
[  1720.806] (**) Option "Device" "/dev/input/event8"
[  1720.806] (**) Option "_source" "server/udev"
[  1720.807] (II) event8  - Broadcom Corp. Bluetooth USB Host Controller: is tagged by udev as: Mouse
[  1720.807] (II) event8  - Broadcom Corp. Bluetooth USB Host Controller: device is a pointer
[  1720.807] (II) event8  - Broadcom Corp. Bluetooth USB Host Controller: device removed
[  1720.807] (**) Option "config_info" "udev:/sys/devices/pci0000:00/0000:00:14.0/usb1/1-3/1-3:1.1/0003:05AC:8290.0003/input/input8/event8"
[  1720.807] (II) XINPUT: Adding extended input device "Broadcom Corp. Bluetooth USB Host Controller" (type: MOUSE, id 12)
[  1720.808] (**) Option "AccelerationScheme" "none"
[  1720.808] (**) Broadcom Corp. Bluetooth USB Host Controller: (accel) selected scheme none/0
[  1720.808] (**) Broadcom Corp. Bluetooth USB Host Controller: (accel) acceleration factor: 2.000
[  1720.808] (**) Broadcom Corp. Bluetooth USB Host Controller: (accel) acceleration threshold: 4
[  1720.809] (II) event8  - Broadcom Corp. Bluetooth USB Host Controller: is tagged by udev as: Mouse
[  1720.809] (II) event8  - Broadcom Corp. Bluetooth USB Host Controller: device is a pointer
[  1720.809] (II) config/udev: Adding input device Broadcom Corp. Bluetooth USB Host Controller (/dev/input/mouse1)
[  1720.809] (II) No input driver specified, ignoring this device.
[  1720.809] (II) This device may have been added with another device file.
[  1720.810] (II) config/udev: Adding input device Apple Inc. Apple Internal Keyboard / Trackpad (/dev/input/event10)
[  1720.810] (**) Apple Inc. Apple Internal Keyboard / Trackpad: Applying InputClass "libinput keyboard catchall"
[  1720.810] (II) Using input driver 'libinput' for 'Apple Inc. Apple Internal Keyboard / Trackpad'
[  1720.810] (II) systemd-logind: got fd for /dev/input/event10 13:74 fd 25 paused 0
[  1720.811] (**) Apple Inc. Apple Internal Keyboard / Trackpad: always reports core events
[  1720.811] (**) Option "Device" "/dev/input/event10"
[  1720.811] (**) Option "_source" "server/udev"
[  1720.812] (II) event10 - Apple Inc. Apple Internal Keyboard / Trackpad: is tagged by udev as: Keyboard
[  1720.812] (II) event10 - Apple Inc. Apple Internal Keyboard / Trackpad: device is a keyboard
[  1720.812] (II) event10 - Apple Inc. Apple Internal Keyboard / Trackpad: device removed
[  1720.812] (**) Option "config_info" "udev:/sys/devices/pci0000:00/0000:00:14.0/usb1/1-5/1-5:1.1/0003:05AC:0273.0005/input/input10/event10"
[  1720.812] (II) XINPUT: Adding extended input device "Apple Inc. Apple Internal Keyboard / Trackpad" (type: KEYBOARD, id 13)
[  1720.813] (II) event10 - Apple Inc. Apple Internal Keyboard / Trackpad: is tagged by udev as: Keyboard
[  1720.813] (II) event10 - Apple Inc. Apple Internal Keyboard / Trackpad: device is a keyboard
[  1720.814] (II) config/udev: Adding input device bcm5974 (/dev/input/event9)
[  1720.814] (**) bcm5974: Applying InputClass "libinput touchpad catchall"
[  1720.814] (II) Using input driver 'libinput' for 'bcm5974'
[  1720.815] (II) systemd-logind: got fd for /dev/input/event9 13:73 fd 26 paused 0
[  1720.815] (**) bcm5974: always reports core events
[  1720.815] (**) Option "Device" "/dev/input/event9"
[  1720.815] (**) Option "_source" "server/udev"
[  1720.816] (II) event9  - bcm5974: is tagged by udev as: Touchpad
[  1720.816] (II) event9  - bcm5974: device is a touchpad
[  1720.817] (II) event9  - bcm5974: device removed
[  1720.817] (**) Option "config_info" "udev:/sys/devices/pci0000:00/0000:00:14.0/usb1/1-5/1-5:1.2/input/input9/event9"
[  1720.817] (II) XINPUT: Adding extended input device "bcm5974" (type: TOUCHPAD, id 14)
[  1720.817] (**) Option "AccelerationScheme" "none"
[  1720.817] (**) bcm5974: (accel) selected scheme none/0
[  1720.817] (**) bcm5974: (accel) acceleration factor: 2.000
[  1720.817] (**) bcm5974: (accel) acceleration threshold: 4
[  1720.818] (II) event9  - bcm5974: is tagged by udev as: Touchpad
[  1720.819] (II) event9  - bcm5974: device is a touchpad
[  1720.819] (II) config/udev: Adding input device bcm5974 (/dev/input/mouse2)
[  1720.819] (II) No input driver specified, ignoring this device.
[  1720.819] (II) This device may have been added with another device file.
[  1720.819] (II) config/udev: Adding input device HDA Intel PCH Mic (/dev/input/event11)
[  1720.819] (II) No input driver specified, ignoring this device.
[  1720.819] (II) This device may have been added with another device file.
[  1720.820] (II) config/udev: Adding input device HDA Intel PCH Headphone (/dev/input/event12)
[  1720.820] (II) No input driver specified, ignoring this device.
[  1720.820] (II) This device may have been added with another device file.
[  1720.820] (II) config/udev: Adding input device HDA Intel PCH SPDIF (/dev/input/event13)
[  1720.820] (II) No input driver specified, ignoring this device.
[  1720.820] (II) This device may have been added with another device file.
[  1720.820] (II) config/udev: Adding input device PC Speaker (/dev/input/event4)
[  1720.820] (II) No input driver specified, ignoring this device.
[  1720.820] (II) This device may have been added with another device file.
[  1721.232] (II) intel(0): resizing framebuffer to 1920x1200
[  1721.244] (II) intel(0): switch to mode 2560x1600@60.0 on eDP1 using pipe 0, position (0, 0), rotation normal, reflection none
[  1722.320] (II) intel(0): EDID vendor "APP", prod id 41001
[  1722.320] (II) intel(0): Printing DDC gathered Modelines:
[  1722.320] (II) intel(0): Modeline "2560x1600"x0.0  268.50  2560 2608 2640 2720  1600 1603 1609 1646 +hsync -vsync (98.7 kHz eP)
[  1725.688] (**) Option "fd" "16"
[  1725.688] (II) event3  - Power Button: device removed
[  1725.688] (**) Option "fd" "19"
[  1725.688] (II) event14 - Video Bus: device removed
[  1725.689] (**) Option "fd" "20"
[  1725.689] (II) event1  - Power Button: device removed
[  1725.689] (**) Option "fd" "21"
[  1725.689] (II) event2  - Sleep Button: device removed
[  1725.689] (**) Option "fd" "22"
[  1725.689] (II) event6  - 2.4G Mouse: device removed
[  1725.689] (**) Option "fd" "23"
[  1725.689] (II) event7  - Broadcom Corp. Bluetooth USB Host Controller: device removed
[  1725.689] (**) Option "fd" "24"
[  1725.689] (II) event8  - Broadcom Corp. Bluetooth USB Host Controller: device removed
[  1725.689] (**) Option "fd" "25"
[  1725.689] (II) event10 - Apple Inc. Apple Internal Keyboard / Trackpad: device removed
[  1725.690] (**) Option "fd" "26"
[  1725.690] (II) event9  - bcm5974: device removed
[  1725.690] (II) AIGLX: Suspending AIGLX clients for VT switch
[  1725.805] (II) systemd-logind: got pause for 13:71
[  1725.805] (II) systemd-logind: got pause for 13:74
[  1725.805] (II) systemd-logind: got pause for 13:70
[  1725.805] (II) systemd-logind: got pause for 13:73
[  1725.805] (II) systemd-logind: got pause for 13:67
[  1725.805] (II) systemd-logind: got pause for 13:66
[  1725.805] (II) systemd-logind: got pause for 13:78
[  1725.805] (II) systemd-logind: got pause for 226:0
[  1725.805] (II) systemd-logind: got pause for 13:72
[  1725.805] (II) systemd-logind: got pause for 13:65
[  2563.247] (II) systemd-logind: got resume for 13:71
[  2563.274] (II) systemd-logind: got resume for 13:74
[  2563.307] (II) systemd-logind: got resume for 13:70
[  2563.347] (II) systemd-logind: got resume for 13:73
[  2563.380] (II) systemd-logind: got resume for 13:67
[  2563.407] (II) systemd-logind: got resume for 13:66
[  2563.434] (II) systemd-logind: got resume for 13:78
[  2563.434] (II) systemd-logind: got resume for 226:0
[  2563.434] (II) AIGLX: Resuming AIGLX clients after VT switch
[  2563.434] (II) intel(0): switch to mode 2560x1600@60.0 on eDP1 using pipe 0, position (0, 0), rotation normal, reflection none
[  2563.512] (II) event3  - Power Button: is tagged by udev as: Keyboard
[  2563.512] (II) event3  - Power Button: device is a keyboard
[  2563.515] (II) event14 - Video Bus: is tagged by udev as: Keyboard
[  2563.516] (II) event14 - Video Bus: device is a keyboard
[  2563.518] (II) event2  - Sleep Button: is tagged by udev as: Keyboard
[  2563.518] (II) event2  - Sleep Button: device is a keyboard
[  2563.520] (II) event6  - 2.4G Mouse: is tagged by udev as: Mouse
[  2563.521] (II) event6  - 2.4G Mouse: device is a pointer
[  2563.522] (II) event7  - Broadcom Corp. Bluetooth USB Host Controller: is tagged by udev as: Keyboard
[  2563.522] (II) event7  - Broadcom Corp. Bluetooth USB Host Controller: device is a keyboard
[  2563.523] (II) event10 - Apple Inc. Apple Internal Keyboard / Trackpad: is tagged by udev as: Keyboard
[  2563.523] (II) event10 - Apple Inc. Apple Internal Keyboard / Trackpad: device is a keyboard
[  2563.524] (II) event9  - bcm5974: is tagged by udev as: Touchpad
[  2563.525] (II) event9  - bcm5974: device is a touchpad
[  2563.525] (II) systemd-logind: got resume for 13:72
[  2563.526] (II) event8  - Broadcom Corp. Bluetooth USB Host Controller: is tagged by udev as: Mouse
[  2563.526] (II) event8  - Broadcom Corp. Bluetooth USB Host Controller: device is a pointer
[  2563.527] (II) systemd-logind: got resume for 13:65
[  2563.527] (II) event1  - Power Button: is tagged by udev as: Keyboard
[  2563.527] (II) event1  - Power Button: device is a keyboard
[  2571.945] (**) Option "fd" "23"
[  2571.945] (II) event3  - Power Button: device removed
[  2571.945] (**) Option "fd" "26"
[  2571.945] (II) event14 - Video Bus: device removed
[  2571.945] (**) Option "fd" "24"
[  2571.945] (II) event2  - Sleep Button: device removed
[  2571.945] (**) Option "fd" "21"
[  2571.945] (II) event6  - 2.4G Mouse: device removed
[  2571.945] (**) Option "fd" "19"
[  2571.945] (II) event7  - Broadcom Corp. Bluetooth USB Host Controller: device removed
[  2571.945] (**) Option "fd" "20"
[  2571.945] (II) event10 - Apple Inc. Apple Internal Keyboard / Trackpad: device removed
[  2571.945] (**) Option "fd" "22"
[  2571.945] (II) event9  - bcm5974: device removed
[  2571.945] (**) Option "fd" "29"
[  2571.945] (II) event8  - Broadcom Corp. Bluetooth USB Host Controller: device removed
[  2571.945] (**) Option "fd" "25"
[  2571.945] (II) event1  - Power Button: device removed
[  2571.947] (II) UnloadModule: "libinput"
[  2571.947] (II) systemd-logind: releasing fd for 13:65
[  2572.019] (II) UnloadModule: "libinput"
[  2572.020] (II) systemd-logind: releasing fd for 13:72
[  2572.036] (II) UnloadModule: "libinput"
[  2572.036] (II) systemd-logind: releasing fd for 13:73
[  2572.086] (II) UnloadModule: "libinput"
[  2572.086] (II) systemd-logind: releasing fd for 13:74
[  2572.100] (II) UnloadModule: "libinput"
[  2572.100] (II) systemd-logind: releasing fd for 13:71
[  2572.113] (II) UnloadModule: "libinput"
[  2572.113] (II) systemd-logind: releasing fd for 13:70
[  2572.156] (II) UnloadModule: "libinput"
[  2572.156] (II) systemd-logind: releasing fd for 13:66
[  2572.180] (II) UnloadModule: "libinput"
[  2572.180] (II) systemd-logind: releasing fd for 13:78
[  2572.217] (II) UnloadModule: "libinput"
[  2572.217] (II) systemd-logind: releasing fd for 13:67
[  2572.301] (WW) xf86CloseConsole: KDSETMODE failed: Input/output error
[  2572.301] (WW) xf86CloseConsole: VT_GETMODE failed: Input/output error
[  2572.301] (WW) xf86CloseConsole: VT_ACTIVATE failed: Input/output error
[  2572.303] (II) Server terminated successfully (0). Closing log file.
