[  2026.150] (WW) Failed to open protocol names file lib/xorg/protocol.txt
[  2026.150] 
X.Org X Server 1.20.8
X Protocol Version 11, Revision 0
[  2026.150] Build Operating System: Linux Arch Linux
[  2026.150] Current Operating System: Linux arch 5.7.11-arch1-1 #1 SMP PREEMPT Wed, 29 Jul 2020 21:38:21 +0000 x86_64
[  2026.151] Kernel command line: initrd=\initramfs-linux.img root=/dev/sda3 rw
[  2026.151] Build Date: 31 July 2020  04:00:57PM
[  2026.151]  
[  2026.151] Current version of pixman: 0.40.0
[  2026.151] 	Before reporting problems, check http://wiki.x.org
	to make sure that you have the latest version.
[  2026.151] Markers: (--) probed, (**) from config file, (==) default setting,
	(++) from command line, (!!) notice, (II) informational,
	(WW) warning, (EE) error, (NI) not implemented, (??) unknown.
[  2026.152] (==) Log file: "/home/winterbreeze/.local/share/xorg/Xorg.2.log", Time: Mon Aug  3 12:10:55 2020
[  2026.152] (==) Using system config directory "/usr/share/X11/xorg.conf.d"
[  2026.152] (==) No Layout section.  Using the first Screen section.
[  2026.152] (==) No screen section available. Using defaults.
[  2026.152] (**) |-->Screen "Default Screen Section" (0)
[  2026.152] (**) |   |-->Monitor "<default monitor>"
[  2026.152] (==) No monitor specified for screen "Default Screen Section".
	Using a default monitor configuration.
[  2026.152] (==) Automatically adding devices
[  2026.152] (==) Automatically enabling devices
[  2026.152] (==) Automatically adding GPU devices
[  2026.152] (==) Automatically binding GPU devices
[  2026.152] (==) Max clients allowed: 256, resource mask: 0x1fffff
[  2026.152] (WW) The directory "/usr/share/fonts/misc" does not exist.
[  2026.152] 	Entry deleted from font path.
[  2026.152] (WW) The directory "/usr/share/fonts/OTF" does not exist.
[  2026.152] 	Entry deleted from font path.
[  2026.152] (WW) The directory "/usr/share/fonts/Type1" does not exist.
[  2026.152] 	Entry deleted from font path.
[  2026.152] (==) FontPath set to:
	/usr/share/fonts/TTF,
	/usr/share/fonts/100dpi,
	/usr/share/fonts/75dpi
[  2026.152] (==) ModulePath set to "/usr/lib/xorg/modules"
[  2026.152] (II) The server relies on udev to provide the list of input devices.
	If no devices become available, reconfigure udev or disable AutoAddDevices.
[  2026.152] (II) Module ABI versions:
[  2026.152] 	X.Org ANSI C Emulation: 0.4
[  2026.152] 	X.Org Video Driver: 24.1
[  2026.152] 	X.Org XInput driver : 24.1
[  2026.152] 	X.Org Server Extension : 10.0
[  2026.153] (++) using VT number 4

[  2026.155] (II) systemd-logind: took control of session /org/freedesktop/login1/session/_34
[  2026.155] (II) xfree86: Adding drm device (/dev/dri/card0)
[  2026.156] (II) systemd-logind: got fd for /dev/dri/card0 226:0 fd 10 paused 0
[  2026.158] (--) PCI:*(0@0:2:0) 8086:162b:106b:013f rev 9, Mem @ 0xc0000000/16777216, 0xb0000000/268435456, I/O @ 0x00003000/64, BIOS @ 0x????????/131072
[  2026.158] (WW) Open ACPI failed (/var/run/acpid.socket) (No such file or directory)
[  2026.158] (II) LoadModule: "glx"
[  2026.159] (II) Loading /usr/lib/xorg/modules/extensions/libglx.so
[  2026.160] (II) Module glx: vendor="X.Org Foundation"
[  2026.160] 	compiled for 1.20.8, module version = 1.0.0
[  2026.160] 	ABI class: X.Org Server Extension, version 10.0
[  2026.160] (==) Matched intel as autoconfigured driver 0
[  2026.160] (==) Matched modesetting as autoconfigured driver 1
[  2026.160] (==) Matched fbdev as autoconfigured driver 2
[  2026.160] (==) Matched vesa as autoconfigured driver 3
[  2026.160] (==) Assigned the driver to the xf86ConfigLayout
[  2026.160] (II) LoadModule: "intel"
[  2026.160] (II) Loading /usr/lib/xorg/modules/drivers/intel_drv.so
[  2026.160] (II) Module intel: vendor="X.Org Foundation"
[  2026.160] 	compiled for 1.20.8, module version = 2.99.917
[  2026.160] 	Module class: X.Org Video Driver
[  2026.160] 	ABI class: X.Org Video Driver, version 24.1
[  2026.160] (II) LoadModule: "modesetting"
[  2026.160] (II) Loading /usr/lib/xorg/modules/drivers/modesetting_drv.so
[  2026.160] (II) Module modesetting: vendor="X.Org Foundation"
[  2026.160] 	compiled for 1.20.8, module version = 1.20.8
[  2026.160] 	Module class: X.Org Video Driver
[  2026.160] 	ABI class: X.Org Video Driver, version 24.1
[  2026.160] (II) LoadModule: "fbdev"
[  2026.161] (WW) Warning, couldn't open module fbdev
[  2026.161] (EE) Failed to load module "fbdev" (module does not exist, 0)
[  2026.161] (II) LoadModule: "vesa"
[  2026.161] (II) Loading /usr/lib/xorg/modules/drivers/vesa_drv.so
[  2026.161] (II) Module vesa: vendor="X.Org Foundation"
[  2026.161] 	compiled for 1.20.8, module version = 2.4.0
[  2026.161] 	Module class: X.Org Video Driver
[  2026.161] 	ABI class: X.Org Video Driver, version 24.1
[  2026.161] (II) intel: Driver for Intel(R) Integrated Graphics Chipsets:
	i810, i810-dc100, i810e, i815, i830M, 845G, 854, 852GM/855GM, 865G,
	915G, E7221 (i915), 915GM, 945G, 945GM, 945GME, Pineview GM,
	Pineview G, 965G, G35, 965Q, 946GZ, 965GM, 965GME/GLE, G33, Q35, Q33,
	GM45, 4 Series, G45/G43, Q45/Q43, G41, B43
[  2026.161] (II) intel: Driver for Intel(R) HD Graphics
[  2026.161] (II) intel: Driver for Intel(R) Iris(TM) Graphics
[  2026.161] (II) intel: Driver for Intel(R) Iris(TM) Pro Graphics
[  2026.161] (II) modesetting: Driver for Modesetting Kernel Drivers: kms
[  2026.161] (II) VESA: driver for VESA chipsets: vesa
[  2026.161] xf86EnableIOPorts: failed to set IOPL for I/O (Operation not permitted)
[  2026.161] (II) intel(0): Using Kernel Mode Setting driver: i915, version 1.6.0 20200313
[  2026.161] (II) intel(0): SNA compiled from 2.99.917-908-g7181c5a4
[  2026.177] (WW) Falling back to old probe method for modesetting
[  2026.177] (WW) VGA arbiter: cannot open kernel arbiter, no multi-card support
[  2026.177] (--) intel(0): Integrated Graphics Chipset: Intel(R) Iris Graphics 6100
[  2026.177] (--) intel(0): CPU: x86-64, sse2, sse3, ssse3, sse4.1, sse4.2, avx, avx2; using a maximum of 2 threads
[  2026.177] (II) intel(0): Creating default Display subsection in Screen section
	"Default Screen Section" for depth/fbbpp 24/32
[  2026.177] (==) intel(0): Depth 24, (--) framebuffer bpp 32
[  2026.177] (==) intel(0): RGB weight 888
[  2026.177] (==) intel(0): Default visual is TrueColor
[  2026.178] (II) intel(0): Output eDP1 has no monitor section
[  2026.178] (**) intel(0): Found backlight control interface intel_backlight (type 'raw') for output eDP1
[  2026.178] (II) intel(0): Enabled output eDP1
[  2026.178] (II) intel(0): Output DP1 has no monitor section
[  2026.178] (II) intel(0): Enabled output DP1
[  2026.178] (II) intel(0): Output HDMI1 has no monitor section
[  2026.179] (II) intel(0): Enabled output HDMI1
[  2026.179] (II) intel(0): Output DP2 has no monitor section
[  2026.179] (II) intel(0): Enabled output DP2
[  2026.179] (II) intel(0): Output HDMI2 has no monitor section
[  2026.179] (II) intel(0): Enabled output HDMI2
[  2026.179] (--) intel(0): Using a maximum size of 256x256 for hardware cursors
[  2026.179] (II) intel(0): Output VIRTUAL1 has no monitor section
[  2026.179] (II) intel(0): Enabled output VIRTUAL1
[  2026.179] (--) intel(0): Output eDP1 using initial mode 2560x1600 on pipe 0
[  2026.179] (==) intel(0): TearFree disabled
[  2026.179] (==) intel(0): Using gamma correction (1.0, 1.0, 1.0)
[  2026.179] (==) intel(0): DPI set to (96, 96)
[  2026.179] (II) Loading sub module "dri3"
[  2026.179] (II) LoadModule: "dri3"
[  2026.179] (II) Module "dri3" already built-in
[  2026.179] (II) Loading sub module "dri2"
[  2026.179] (II) LoadModule: "dri2"
[  2026.179] (II) Module "dri2" already built-in
[  2026.179] (II) Loading sub module "present"
[  2026.179] (II) LoadModule: "present"
[  2026.179] (II) Module "present" already built-in
[  2026.179] (II) UnloadModule: "modesetting"
[  2026.179] (II) Unloading modesetting
[  2026.180] (II) UnloadModule: "vesa"
[  2026.180] (II) Unloading vesa
[  2026.180] (II) intel(0): SNA initialized with Broadwell (gen8) backend
[  2026.180] (==) intel(0): Backing store enabled
[  2026.180] (==) intel(0): Silken mouse disabled
[  2026.180] (II) intel(0): HW Cursor enabled
[  2026.180] (==) intel(0): DPMS enabled
[  2026.180] (==) intel(0): Display hotplug detection enabled
[  2026.180] (II) intel(0): [DRI2] Setup complete
[  2026.180] (II) intel(0): [DRI2]   DRI driver: i965
[  2026.180] (II) intel(0): [DRI2]   VDPAU driver: va_gl
[  2026.180] (II) intel(0): direct rendering: DRI2 DRI3 enabled
[  2026.180] (II) intel(0): hardware support for Present enabled
[  2026.180] (II) Initializing extension Generic Event Extension
[  2026.180] (II) Initializing extension SHAPE
[  2026.180] (II) Initializing extension MIT-SHM
[  2026.180] (II) Initializing extension XInputExtension
[  2026.180] (II) Initializing extension XTEST
[  2026.180] (II) Initializing extension BIG-REQUESTS
[  2026.180] (II) Initializing extension SYNC
[  2026.180] (II) Initializing extension XKEYBOARD
[  2026.180] (II) Initializing extension XC-MISC
[  2026.180] (II) Initializing extension SECURITY
[  2026.180] (II) Initializing extension XFIXES
[  2026.180] (II) Initializing extension RENDER
[  2026.181] (II) Initializing extension RANDR
[  2026.181] (II) Initializing extension COMPOSITE
[  2026.181] (II) Initializing extension DAMAGE
[  2026.181] (II) Initializing extension MIT-SCREEN-SAVER
[  2026.181] (II) Initializing extension DOUBLE-BUFFER
[  2026.181] (II) Initializing extension RECORD
[  2026.181] (II) Initializing extension DPMS
[  2026.181] (II) Initializing extension Present
[  2026.181] (II) Initializing extension DRI3
[  2026.181] (II) Initializing extension X-Resource
[  2026.181] (II) Initializing extension XVideo
[  2026.181] (II) Initializing extension XVideo-MotionCompensation
[  2026.181] (II) Initializing extension GLX
[  2026.193] (II) AIGLX: Loaded and initialized i965
[  2026.193] (II) GLX: Initialized DRI2 GL provider for screen 0
[  2026.193] (II) Initializing extension XFree86-VidModeExtension
[  2026.193] (II) Initializing extension XFree86-DGA
[  2026.193] (II) Initializing extension XFree86-DRI
[  2026.193] (II) Initializing extension DRI2
[  2026.205] (II) intel(0): switch to mode 2560x1600@60.0 on eDP1 using pipe 0, position (0, 0), rotation normal, reflection none
[  2026.209] (II) intel(0): Setting screen physical size to 677 x 423
[  2026.262] (II) config/udev: Adding input device Power Button (/dev/input/event3)
[  2026.262] (**) Power Button: Applying InputClass "libinput keyboard catchall"
[  2026.262] (II) LoadModule: "libinput"
[  2026.262] (II) Loading /usr/lib/xorg/modules/input/libinput_drv.so
[  2026.263] (II) Module libinput: vendor="X.Org Foundation"
[  2026.263] 	compiled for 1.20.8, module version = 0.30.0
[  2026.263] 	Module class: X.Org XInput Driver
[  2026.263] 	ABI class: X.Org XInput driver, version 24.1
[  2026.263] (II) Using input driver 'libinput' for 'Power Button'
[  2026.264] (II) systemd-logind: got fd for /dev/input/event3 13:67 fd 16 paused 0
[  2026.264] (**) Power Button: always reports core events
[  2026.264] (**) Option "Device" "/dev/input/event3"
[  2026.264] (**) Option "_source" "server/udev"
[  2026.265] (II) event3  - Power Button: is tagged by udev as: Keyboard
[  2026.265] (II) event3  - Power Button: device is a keyboard
[  2026.265] (II) event3  - Power Button: device removed
[  2026.265] (**) Option "config_info" "udev:/sys/devices/LNXSYSTM:00/LNXPWRBN:00/input/input3/event3"
[  2026.265] (II) XINPUT: Adding extended input device "Power Button" (type: KEYBOARD, id 6)
[  2026.266] (II) event3  - Power Button: is tagged by udev as: Keyboard
[  2026.266] (II) event3  - Power Button: device is a keyboard
[  2026.266] (II) config/udev: Adding input device Video Bus (/dev/input/event14)
[  2026.266] (**) Video Bus: Applying InputClass "libinput keyboard catchall"
[  2026.266] (II) Using input driver 'libinput' for 'Video Bus'
[  2026.267] (II) systemd-logind: got fd for /dev/input/event14 13:78 fd 19 paused 0
[  2026.267] (**) Video Bus: always reports core events
[  2026.267] (**) Option "Device" "/dev/input/event14"
[  2026.267] (**) Option "_source" "server/udev"
[  2026.268] (II) event14 - Video Bus: is tagged by udev as: Keyboard
[  2026.268] (II) event14 - Video Bus: device is a keyboard
[  2026.268] (II) event14 - Video Bus: device removed
[  2026.268] (**) Option "config_info" "udev:/sys/devices/LNXSYSTM:00/LNXSYBUS:00/PNP0A08:00/LNXVIDEO:00/input/input14/event14"
[  2026.268] (II) XINPUT: Adding extended input device "Video Bus" (type: KEYBOARD, id 7)
[  2026.269] (II) event14 - Video Bus: is tagged by udev as: Keyboard
[  2026.269] (II) event14 - Video Bus: device is a keyboard
[  2026.269] (II) config/udev: Adding input device Power Button (/dev/input/event1)
[  2026.269] (**) Power Button: Applying InputClass "libinput keyboard catchall"
[  2026.269] (II) Using input driver 'libinput' for 'Power Button'
[  2026.270] (II) systemd-logind: got fd for /dev/input/event1 13:65 fd 20 paused 0
[  2026.270] (**) Power Button: always reports core events
[  2026.270] (**) Option "Device" "/dev/input/event1"
[  2026.270] (**) Option "_source" "server/udev"
[  2026.271] (II) event1  - Power Button: is tagged by udev as: Keyboard
[  2026.271] (II) event1  - Power Button: device is a keyboard
[  2026.271] (II) event1  - Power Button: device removed
[  2026.271] (**) Option "config_info" "udev:/sys/devices/LNXSYSTM:00/LNXSYBUS:00/PNP0C0C:00/input/input1/event1"
[  2026.271] (II) XINPUT: Adding extended input device "Power Button" (type: KEYBOARD, id 8)
[  2026.272] (II) event1  - Power Button: is tagged by udev as: Keyboard
[  2026.272] (II) event1  - Power Button: device is a keyboard
[  2026.272] (II) config/udev: Adding input device Lid Switch (/dev/input/event0)
[  2026.272] (II) No input driver specified, ignoring this device.
[  2026.272] (II) This device may have been added with another device file.
[  2026.272] (II) config/udev: Adding input device Sleep Button (/dev/input/event2)
[  2026.272] (**) Sleep Button: Applying InputClass "libinput keyboard catchall"
[  2026.272] (II) Using input driver 'libinput' for 'Sleep Button'
[  2026.273] (II) systemd-logind: got fd for /dev/input/event2 13:66 fd 21 paused 0
[  2026.273] (**) Sleep Button: always reports core events
[  2026.273] (**) Option "Device" "/dev/input/event2"
[  2026.273] (**) Option "_source" "server/udev"
[  2026.274] (II) event2  - Sleep Button: is tagged by udev as: Keyboard
[  2026.274] (II) event2  - Sleep Button: device is a keyboard
[  2026.274] (II) event2  - Sleep Button: device removed
[  2026.274] (**) Option "config_info" "udev:/sys/devices/LNXSYSTM:00/LNXSYBUS:00/PNP0C0E:00/input/input2/event2"
[  2026.274] (II) XINPUT: Adding extended input device "Sleep Button" (type: KEYBOARD, id 9)
[  2026.275] (II) event2  - Sleep Button: is tagged by udev as: Keyboard
[  2026.276] (II) event2  - Sleep Button: device is a keyboard
[  2026.277] (II) config/udev: Adding input device HDA Intel HDMI HDMI/DP,pcm=3 (/dev/input/event15)
[  2026.277] (II) No input driver specified, ignoring this device.
[  2026.277] (II) This device may have been added with another device file.
[  2026.277] (II) config/udev: Adding input device HDA Intel HDMI HDMI/DP,pcm=7 (/dev/input/event16)
[  2026.277] (II) No input driver specified, ignoring this device.
[  2026.277] (II) This device may have been added with another device file.
[  2026.277] (II) config/udev: Adding input device HDA Intel HDMI HDMI/DP,pcm=8 (/dev/input/event17)
[  2026.277] (II) No input driver specified, ignoring this device.
[  2026.277] (II) This device may have been added with another device file.
[  2026.278] (II) config/udev: Adding input device HDA Intel HDMI HDMI/DP,pcm=9 (/dev/input/event18)
[  2026.278] (II) No input driver specified, ignoring this device.
[  2026.278] (II) This device may have been added with another device file.
[  2026.278] (II) config/udev: Adding input device HDA Intel HDMI HDMI/DP,pcm=10 (/dev/input/event19)
[  2026.278] (II) No input driver specified, ignoring this device.
[  2026.278] (II) This device may have been added with another device file.
[  2026.279] (II) config/udev: Adding input device 2.4G Mouse (/dev/input/event5)
[  2026.279] (II) No input driver specified, ignoring this device.
[  2026.279] (II) This device may have been added with another device file.
[  2026.280] (II) config/udev: Adding input device 2.4G Mouse (/dev/input/event6)
[  2026.280] (**) 2.4G Mouse: Applying InputClass "libinput pointer catchall"
[  2026.280] (II) Using input driver 'libinput' for '2.4G Mouse'
[  2026.281] (II) systemd-logind: got fd for /dev/input/event6 13:70 fd 22 paused 0
[  2026.281] (**) 2.4G Mouse: always reports core events
[  2026.281] (**) Option "Device" "/dev/input/event6"
[  2026.281] (**) Option "_source" "server/udev"
[  2026.282] (II) event6  - 2.4G Mouse: is tagged by udev as: Mouse
[  2026.282] (II) event6  - 2.4G Mouse: device is a pointer
[  2026.282] (II) event6  - 2.4G Mouse: device removed
[  2026.282] (**) Option "config_info" "udev:/sys/devices/pci0000:00/0000:00:14.0/usb1/1-2/1-2:1.0/0003:1EA7:0064.0001/input/input6/event6"
[  2026.282] (II) XINPUT: Adding extended input device "2.4G Mouse" (type: MOUSE, id 10)
[  2026.282] (**) Option "AccelerationScheme" "none"
[  2026.282] (**) 2.4G Mouse: (accel) selected scheme none/0
[  2026.282] (**) 2.4G Mouse: (accel) acceleration factor: 2.000
[  2026.282] (**) 2.4G Mouse: (accel) acceleration threshold: 4
[  2026.283] (II) event6  - 2.4G Mouse: is tagged by udev as: Mouse
[  2026.283] (II) event6  - 2.4G Mouse: device is a pointer
[  2026.284] (II) config/udev: Adding input device 2.4G Mouse (/dev/input/mouse0)
[  2026.284] (II) No input driver specified, ignoring this device.
[  2026.284] (II) This device may have been added with another device file.
[  2026.285] (II) config/udev: Adding input device Broadcom Corp. Bluetooth USB Host Controller (/dev/input/event7)
[  2026.285] (**) Broadcom Corp. Bluetooth USB Host Controller: Applying InputClass "libinput keyboard catchall"
[  2026.285] (II) Using input driver 'libinput' for 'Broadcom Corp. Bluetooth USB Host Controller'
[  2026.285] (II) systemd-logind: got fd for /dev/input/event7 13:71 fd 23 paused 0
[  2026.285] (**) Broadcom Corp. Bluetooth USB Host Controller: always reports core events
[  2026.285] (**) Option "Device" "/dev/input/event7"
[  2026.285] (**) Option "_source" "server/udev"
[  2026.287] (II) event7  - Broadcom Corp. Bluetooth USB Host Controller: is tagged by udev as: Keyboard
[  2026.287] (II) event7  - Broadcom Corp. Bluetooth USB Host Controller: device is a keyboard
[  2026.287] (II) event7  - Broadcom Corp. Bluetooth USB Host Controller: device removed
[  2026.287] (**) Option "config_info" "udev:/sys/devices/pci0000:00/0000:00:14.0/usb1/1-3/1-3:1.0/0003:05AC:8290.0002/input/input7/event7"
[  2026.287] (II) XINPUT: Adding extended input device "Broadcom Corp. Bluetooth USB Host Controller" (type: KEYBOARD, id 11)
[  2026.288] (II) event7  - Broadcom Corp. Bluetooth USB Host Controller: is tagged by udev as: Keyboard
[  2026.288] (II) event7  - Broadcom Corp. Bluetooth USB Host Controller: device is a keyboard
[  2026.289] (II) config/udev: Adding input device Broadcom Corp. Bluetooth USB Host Controller (/dev/input/event8)
[  2026.289] (**) Broadcom Corp. Bluetooth USB Host Controller: Applying InputClass "libinput pointer catchall"
[  2026.289] (II) Using input driver 'libinput' for 'Broadcom Corp. Bluetooth USB Host Controller'
[  2026.289] (II) systemd-logind: got fd for /dev/input/event8 13:72 fd 24 paused 0
[  2026.289] (**) Broadcom Corp. Bluetooth USB Host Controller: always reports core events
[  2026.290] (**) Option "Device" "/dev/input/event8"
[  2026.290] (**) Option "_source" "server/udev"
[  2026.291] (II) event8  - Broadcom Corp. Bluetooth USB Host Controller: is tagged by udev as: Mouse
[  2026.291] (II) event8  - Broadcom Corp. Bluetooth USB Host Controller: device is a pointer
[  2026.292] (II) event8  - Broadcom Corp. Bluetooth USB Host Controller: device removed
[  2026.292] (**) Option "config_info" "udev:/sys/devices/pci0000:00/0000:00:14.0/usb1/1-3/1-3:1.1/0003:05AC:8290.0003/input/input8/event8"
[  2026.292] (II) XINPUT: Adding extended input device "Broadcom Corp. Bluetooth USB Host Controller" (type: MOUSE, id 12)
[  2026.292] (**) Option "AccelerationScheme" "none"
[  2026.292] (**) Broadcom Corp. Bluetooth USB Host Controller: (accel) selected scheme none/0
[  2026.292] (**) Broadcom Corp. Bluetooth USB Host Controller: (accel) acceleration factor: 2.000
[  2026.292] (**) Broadcom Corp. Bluetooth USB Host Controller: (accel) acceleration threshold: 4
[  2026.293] (II) event8  - Broadcom Corp. Bluetooth USB Host Controller: is tagged by udev as: Mouse
[  2026.293] (II) event8  - Broadcom Corp. Bluetooth USB Host Controller: device is a pointer
[  2026.294] (II) config/udev: Adding input device Broadcom Corp. Bluetooth USB Host Controller (/dev/input/mouse1)
[  2026.294] (II) No input driver specified, ignoring this device.
[  2026.294] (II) This device may have been added with another device file.
[  2026.295] (II) config/udev: Adding input device Apple Inc. Apple Internal Keyboard / Trackpad (/dev/input/event10)
[  2026.295] (**) Apple Inc. Apple Internal Keyboard / Trackpad: Applying InputClass "libinput keyboard catchall"
[  2026.295] (II) Using input driver 'libinput' for 'Apple Inc. Apple Internal Keyboard / Trackpad'
[  2026.295] (II) systemd-logind: got fd for /dev/input/event10 13:74 fd 25 paused 0
[  2026.295] (**) Apple Inc. Apple Internal Keyboard / Trackpad: always reports core events
[  2026.295] (**) Option "Device" "/dev/input/event10"
[  2026.295] (**) Option "_source" "server/udev"
[  2026.297] (II) event10 - Apple Inc. Apple Internal Keyboard / Trackpad: is tagged by udev as: Keyboard
[  2026.297] (II) event10 - Apple Inc. Apple Internal Keyboard / Trackpad: device is a keyboard
[  2026.297] (II) event10 - Apple Inc. Apple Internal Keyboard / Trackpad: device removed
[  2026.297] (**) Option "config_info" "udev:/sys/devices/pci0000:00/0000:00:14.0/usb1/1-5/1-5:1.1/0003:05AC:0273.0005/input/input10/event10"
[  2026.297] (II) XINPUT: Adding extended input device "Apple Inc. Apple Internal Keyboard / Trackpad" (type: KEYBOARD, id 13)
[  2026.299] (II) event10 - Apple Inc. Apple Internal Keyboard / Trackpad: is tagged by udev as: Keyboard
[  2026.299] (II) event10 - Apple Inc. Apple Internal Keyboard / Trackpad: device is a keyboard
[  2026.300] (II) config/udev: Adding input device bcm5974 (/dev/input/event9)
[  2026.300] (**) bcm5974: Applying InputClass "libinput touchpad catchall"
[  2026.300] (II) Using input driver 'libinput' for 'bcm5974'
[  2026.300] (II) systemd-logind: got fd for /dev/input/event9 13:73 fd 26 paused 0
[  2026.301] (**) bcm5974: always reports core events
[  2026.301] (**) Option "Device" "/dev/input/event9"
[  2026.301] (**) Option "_source" "server/udev"
[  2026.302] (II) event9  - bcm5974: is tagged by udev as: Touchpad
[  2026.302] (II) event9  - bcm5974: device is a touchpad
[  2026.302] (II) event9  - bcm5974: device removed
[  2026.302] (**) Option "config_info" "udev:/sys/devices/pci0000:00/0000:00:14.0/usb1/1-5/1-5:1.2/input/input9/event9"
[  2026.302] (II) XINPUT: Adding extended input device "bcm5974" (type: TOUCHPAD, id 14)
[  2026.303] (**) Option "AccelerationScheme" "none"
[  2026.303] (**) bcm5974: (accel) selected scheme none/0
[  2026.303] (**) bcm5974: (accel) acceleration factor: 2.000
[  2026.303] (**) bcm5974: (accel) acceleration threshold: 4
[  2026.304] (II) event9  - bcm5974: is tagged by udev as: Touchpad
[  2026.304] (II) event9  - bcm5974: device is a touchpad
[  2026.305] (II) config/udev: Adding input device bcm5974 (/dev/input/mouse2)
[  2026.305] (II) No input driver specified, ignoring this device.
[  2026.305] (II) This device may have been added with another device file.
[  2026.305] (II) config/udev: Adding input device HDA Intel PCH Mic (/dev/input/event11)
[  2026.305] (II) No input driver specified, ignoring this device.
[  2026.305] (II) This device may have been added with another device file.
[  2026.305] (II) config/udev: Adding input device HDA Intel PCH Headphone (/dev/input/event12)
[  2026.305] (II) No input driver specified, ignoring this device.
[  2026.305] (II) This device may have been added with another device file.
[  2026.306] (II) config/udev: Adding input device HDA Intel PCH SPDIF (/dev/input/event13)
[  2026.306] (II) No input driver specified, ignoring this device.
[  2026.306] (II) This device may have been added with another device file.
[  2026.306] (II) config/udev: Adding input device PC Speaker (/dev/input/event4)
[  2026.306] (II) No input driver specified, ignoring this device.
[  2026.306] (II) This device may have been added with another device file.
[  2026.700] (II) intel(0): resizing framebuffer to 1920x1200
[  2026.715] (II) intel(0): switch to mode 2560x1600@60.0 on eDP1 using pipe 0, position (0, 0), rotation normal, reflection none
[  2027.778] (II) intel(0): EDID vendor "APP", prod id 41001
[  2027.778] (II) intel(0): Printing DDC gathered Modelines:
[  2027.778] (II) intel(0): Modeline "2560x1600"x0.0  268.50  2560 2608 2640 2720  1600 1603 1609 1646 +hsync -vsync (98.7 kHz eP)
[  2443.998] (EE) event9  - bcm5974: kernel bug: Touch jump detected and discarded.
See https://wayland.freedesktop.org/libinput/doc/1.15.6/touchpad-jumping-cursors.html for details
[  2444.731] (EE) event9  - bcm5974: kernel bug: Touch jump detected and discarded.
See https://wayland.freedesktop.org/libinput/doc/1.15.6/touchpad-jumping-cursors.html for details
[  2444.798] (EE) event9  - bcm5974: kernel bug: Touch jump detected and discarded.
See https://wayland.freedesktop.org/libinput/doc/1.15.6/touchpad-jumping-cursors.html for details
[  2444.871] (EE) event9  - bcm5974: kernel bug: Touch jump detected and discarded.
See https://wayland.freedesktop.org/libinput/doc/1.15.6/touchpad-jumping-cursors.html for details
[  2445.094] (EE) event9  - bcm5974: kernel bug: Touch jump detected and discarded.
See https://wayland.freedesktop.org/libinput/doc/1.15.6/touchpad-jumping-cursors.html for details
[  2445.094] (EE) event9  - bcm5974: WARNING: log rate limit exceeded (5 msgs per 7200000ms). Discarding future messages.
[  2552.552] (**) Option "fd" "16"
[  2552.553] (II) event3  - Power Button: device removed
[  2552.553] (**) Option "fd" "19"
[  2552.553] (II) event14 - Video Bus: device removed
[  2552.553] (**) Option "fd" "20"
[  2552.553] (II) event1  - Power Button: device removed
[  2552.553] (**) Option "fd" "21"
[  2552.553] (II) event2  - Sleep Button: device removed
[  2552.553] (**) Option "fd" "22"
[  2552.553] (II) event6  - 2.4G Mouse: device removed
[  2552.553] (**) Option "fd" "23"
[  2552.553] (II) event7  - Broadcom Corp. Bluetooth USB Host Controller: device removed
[  2552.553] (**) Option "fd" "24"
[  2552.553] (II) event8  - Broadcom Corp. Bluetooth USB Host Controller: device removed
[  2552.553] (**) Option "fd" "25"
[  2552.553] (II) event10 - Apple Inc. Apple Internal Keyboard / Trackpad: device removed
[  2552.553] (**) Option "fd" "26"
[  2552.553] (II) event9  - bcm5974: device removed
[  2552.553] (II) UnloadModule: "libinput"
[  2552.553] (II) systemd-logind: releasing fd for 13:73
[  2552.566] (II) UnloadModule: "libinput"
[  2552.566] (II) systemd-logind: releasing fd for 13:74
[  2552.583] (II) UnloadModule: "libinput"
[  2552.583] (II) systemd-logind: releasing fd for 13:72
[  2552.619] (II) UnloadModule: "libinput"
[  2552.620] (II) systemd-logind: releasing fd for 13:71
[  2552.646] (II) UnloadModule: "libinput"
[  2552.648] (II) systemd-logind: releasing fd for 13:70
[  2552.673] (II) UnloadModule: "libinput"
[  2552.673] (II) systemd-logind: releasing fd for 13:66
[  2552.693] (II) UnloadModule: "libinput"
[  2552.693] (II) systemd-logind: releasing fd for 13:65
[  2552.720] (II) UnloadModule: "libinput"
[  2552.720] (II) systemd-logind: releasing fd for 13:78
[  2552.721] (II) UnloadModule: "libinput"
[  2552.721] (II) systemd-logind: releasing fd for 13:67
[  2552.777] (II) Server terminated successfully (0). Closing log file.
